<?xml version="1.0" encoding="UTF-8"?>
<testng-results ignored="0" total="1" passed="1" failed="0" skipped="0">
  <reporter-output>
  </reporter-output>
  <suite started-at="2024-10-05T10:41:46 IST" name="Default suite" finished-at="2024-10-05T10:41:53 IST" duration-ms="7509">
    <groups>
    </groups>
    <test started-at="2024-10-05T10:41:46 IST" name="Default test" finished-at="2024-10-05T10:41:53 IST" duration-ms="7509">
      <class name="TestCases.LoginTC2InvalidUser">
        <test-method signature="loginTC2()[pri:0, instance:TestCases.LoginTC2InvalidUser@48974e45]" started-at="2024-10-05T10:41:46 IST" name="loginTC2" finished-at="2024-10-05T10:41:53 IST" duration-ms="7469" status="PASS">
          <reporter-output>
          </reporter-output>
        </test-method> <!-- loginTC2 -->
      </class> <!-- TestCases.LoginTC2InvalidUser -->
    </test> <!-- Default test -->
  </suite> <!-- Default suite -->
</testng-results>
